<?xml version="1.0" encoding="UTF-8"?>
<testng-results skipped="0" failed="0" ignored="0" total="1" passed="1">
  <reporter-output>
  </reporter-output>
  <suite name="Surefire suite" duration-ms="13719" started-at="2022-10-13T23:32:35 IST" finished-at="2022-10-13T23:32:49 IST">
    <groups>
      <group name="cucumber">
        <method signature="AbstractTestNGCucumberTests.runScenario(io.cucumber.testng.PickleWrapper,io.cucumber.testng.FeatureWrapper)[pri:0, instance:TestRunner.Run@954b04f]" name="runScenario" class="io.cucumber.testng.AbstractTestNGCucumberTests"/>
      </group> <!-- cucumber -->
    </groups>
    <test name="Surefire test" duration-ms="13719" started-at="2022-10-13T23:32:35 IST" finished-at="2022-10-13T23:32:49 IST">
      <class name="TestRunner.Run">
        <test-method status="PASS" signature="setUpClass(org.testng.ITestContext)[pri:0, instance:TestRunner.Run@954b04f]" name="setUpClass" is-config="true" duration-ms="458" started-at="2022-10-13T23:32:35 IST" finished-at="2022-10-13T23:32:35 IST">
          <params>
            <param index="0">
              <value>
                <![CDATA[org.testng.TestRunner@1fc713c9]]>
              </value>
            </param>
          </params>
          <reporter-output>
          </reporter-output>
        </test-method> <!-- setUpClass -->
        <test-method status="PASS" signature="runScenario(io.cucumber.testng.PickleWrapper,io.cucumber.testng.FeatureWrapper)[pri:0, instance:TestRunner.Run@954b04f]" name="runScenario" duration-ms="13187" started-at="2022-10-13T23:32:36 IST" description="Runs Cucumber Scenarios" data-provider="scenarios" finished-at="2022-10-13T23:32:49 IST">
          <params>
            <param index="0">
              <value>
                <![CDATA["Successful login with valid credentials"]]>
              </value>
            </param>
            <param index="1">
              <value>
                <![CDATA["Login Page functionality"]]>
              </value>
            </param>
          </params>
          <reporter-output>
          </reporter-output>
        </test-method> <!-- runScenario -->
        <test-method status="PASS" signature="tearDownClass()[pri:0, instance:TestRunner.Run@954b04f]" name="tearDownClass" is-config="true" duration-ms="43" started-at="2022-10-13T23:32:49 IST" finished-at="2022-10-13T23:32:49 IST">
          <reporter-output>
          </reporter-output>
        </test-method> <!-- tearDownClass -->
      </class> <!-- TestRunner.Run -->
    </test> <!-- Surefire test -->
  </suite> <!-- Surefire suite -->
</testng-results>
