<?xml version="1.0" encoding="UTF-8"?>
<testsuite xmlns:xsi="http://www.w3.org/2001/XMLSchema-instance" xsi:noNamespaceSchemaLocation="https://maven.apache.org/surefire/maven-surefire-plugin/xsd/surefire-test-report-3.0.xsd" version="3.0" name="TestRunner.Run" time="13.059" tests="1" errors="0" skipped="0" failures="0">
  <properties>
[...]
</properties>
  <testcase name="runScenario[&quot;Successful login with valid credentials&quot;, &quot;Login Page functionality&quot;](1)" classname="TestRunner.Run" time="12.093">
    <system-out><![CDATA[
@Regression
Scenario: Successful login with valid credentials                                     # Features/LoginFeatures.feature:8
[INFO ] 2022-10-14 00:22:19.388 [main] StepDef - ***** Setup method executed ***** 
[INFO ] 2022-10-14 00:22:21.977 [main] StepDef - ***** User launch chrome browser method executed ***** 
  Given User launch chrome browser                                                    # StepDefinition.StepDef.user_launch_chrome_browser()
[INFO ] 2022-10-14 00:22:23.397 [main] StepDef - ***** User open URL method executed ***** 
  When User open URL "https://admin-demo.nopcommerce.com/login?ReturnUrl=%2Fadmin%2F" # StepDefinition.StepDef.user_open_url(java.lang.String)
[INFO ] 2022-10-14 00:22:23.599 [main] StepDef - ***** User enter Email and Password method executed ***** 
  And User enter Email as "admin@yourstore.com" and Password as "admin"               # StepDefinition.StepDef.user_enter_email_as_and_password_as(java.lang.String,java.lang.String)
[INFO ] 2022-10-14 00:22:27.585 [main] StepDef - ***** user click on Login Button method executed ***** 
  And user click on Login Button                                                      # StepDefinition.StepDef.user_click_on_login_button()
[INFO ] 2022-10-14 00:22:29.601 [main] StepDef - ***** Page title verification method executed ***** 
  Then Page title should be "Dashboard / nopCommerce administration"                  # StepDefinition.StepDef.page_title_should_be(java.lang.String)
[INFO ] 2022-10-14 00:22:30.976 [main] StepDef - ***** User click on LogOut Link method executed ***** 
  When User click on LogOut Link                                                      # StepDefinition.StepDef.user_click_on_log_out_link()
[WARN ] 2022-10-14 00:22:30.985 [main] StepDef - ***** page title matched ***** 
[INFO ] 2022-10-14 00:22:30.985 [main] StepDef - ***** Login Page Title verification method executed ***** 
  Then Login Page Title should be "Your store. Login"                                 # StepDefinition.StepDef.login_page_title_should_be(java.lang.String)
[INFO ] 2022-10-14 00:22:31.059 [main] StepDef - ***** Close Browser method executed ***** 
  And close browser                                                                   # StepDefinition.CloseStep.close_browser()
************ Tear Down Method called ***********
[INFO ] 2022-10-14 00:22:31.061 [main] StepDef - ***** Failed Scenario Screenshot method executed ***** 
]]></system-out>
    <system-err><![CDATA[SLF4J: Failed to load class "org.slf4j.impl.StaticLoggerBinder".
SLF4J: Defaulting to no-operation (NOP) logger implementation
SLF4J: See http://www.slf4j.org/codes.html#StaticLoggerBinder for further details.
Starting ChromeDriver 106.0.5249.61 (511755355844955cd3e264779baf0dd38212a4d0-refs/branch-heads/5249@{#569}) on port 51678
Only local connections are allowed.
Please see https://chromedriver.chromium.org/security-considerations for suggestions on keeping ChromeDriver safe.
ChromeDriver was started successfully.
Oct 14, 2022 12:22:21 AM org.openqa.selenium.remote.ProtocolHandshake createSession
INFO: Detected upstream dialect: W3C
Oct 14, 2022 12:22:21 AM org.openqa.selenium.devtools.CdpVersionFinder findNearestMatch
WARNING: Unable to find an exact match for CDP version 106, so returning the closest version found: 104
Oct 14, 2022 12:22:21 AM org.openqa.selenium.devtools.CdpVersionFinder findNearestMatch
INFO: Found CDP implementation for version 106 of 104
]]></system-err>
  </testcase>
</testsuite>