<?xml version="1.0" encoding="UTF-8"?>
<testng-results skipped="0" failed="0" ignored="0" total="1" passed="1">
  <reporter-output>
  </reporter-output>
  <suite name="Default Suite" duration-ms="1342" started-at="2022-10-12T01:17:31 IST" finished-at="2022-10-12T01:17:32 IST">
    <groups>
      <group name="cucumber">
        <method signature="AbstractTestNGCucumberTests.runScenario(io.cucumber.testng.PickleWrapper,io.cucumber.testng.FeatureWrapper)[pri:0, instance:TestRunner.Run@2173f6d9]" name="runScenario" class="io.cucumber.testng.AbstractTestNGCucumberTests"/>
      </group> <!-- cucumber -->
    </groups>
    <test name="DummyCucumberFramework" duration-ms="1342" started-at="2022-10-12T01:17:31 IST" finished-at="2022-10-12T01:17:32 IST">
      <class name="TestRunner.Run">
        <test-method status="PASS" signature="setUpClass(org.testng.ITestContext)[pri:0, instance:TestRunner.Run@2173f6d9]" name="setUpClass" is-config="true" duration-ms="1032" started-at="2022-10-12T01:17:31 IST" finished-at="2022-10-12T01:17:32 IST">
          <params>
            <param index="0">
              <value>
                <![CDATA[org.testng.TestRunner@56928307]]>
              </value>
            </param>
          </params>
          <reporter-output>
          </reporter-output>
        </test-method> <!-- setUpClass -->
        <test-method status="PASS" signature="runScenario(io.cucumber.testng.PickleWrapper,io.cucumber.testng.FeatureWrapper)[pri:0, instance:TestRunner.Run@2173f6d9]" name="runScenario" duration-ms="179" started-at="2022-10-12T01:17:32 IST" description="Runs Cucumber Scenarios" data-provider="scenarios" finished-at="2022-10-12T01:17:32 IST">
          <params>
            <param index="0">
              <value>
                <![CDATA["Successful login with valid credentials"]]>
              </value>
            </param>
            <param index="1">
              <value>
                <![CDATA["Login Page functionality"]]>
              </value>
            </param>
          </params>
          <reporter-output>
          </reporter-output>
        </test-method> <!-- runScenario -->
        <test-method status="PASS" signature="tearDownClass()[pri:0, instance:TestRunner.Run@2173f6d9]" name="tearDownClass" is-config="true" duration-ms="75" started-at="2022-10-12T01:17:32 IST" finished-at="2022-10-12T01:17:32 IST">
          <reporter-output>
          </reporter-output>
        </test-method> <!-- tearDownClass -->
      </class> <!-- TestRunner.Run -->
    </test> <!-- DummyCucumberFramework -->
  </suite> <!-- Default Suite -->
</testng-results>
