<?xml version="1.0" encoding="UTF-8"?>
<!-- Generated by org.testng.reporters.JUnitReportReporter -->
<testsuite skipped="0" hostname="L-101393-27July" name="TestRunner.Run" tests="2" failures="1" timestamp="2022-10-12T23:46:25 IST" time="29.199" errors="0">
  <testcase name="runScenario" time="4.835" classname="TestRunner.Run">
    <failure type="java.lang.AssertionError" message="expected [true] but found [false]">
      <![CDATA[java.lang.AssertionError: expected [true] but found [false]
at org.testng.Assert.fail(Assert.java:99)
at org.testng.Assert.failNotEquals(Assert.java:1037)
at org.testng.Assert.assertTrue(Assert.java:45)
at org.testng.Assert.assertTrue(Assert.java:55)
at StepDefinition.StepDef.page_title_should_be(StepDef.java:44)
at ✽.Page title should be "Dashboard / nopCommerce administration"(file:///C:/Users/mohd.sayeed/OneDrive%20-%20Provana%20India%20Pvt.%20Ltd/IConnect247/Automation%20Training/Framework/DummyCucumberFramework/./Features/LoginFeatures.feature:20)
]]>
    </failure>
  </testcase> <!-- runScenario -->
  <system-out/>
  <testcase name="runScenario" time="24.364" classname="TestRunner.Run"/>
  <system-out/>
</testsuite> <!-- TestRunner.Run -->
